Traceback (most recent call last):
  File "/opt/hostedtoolcache/Python/3.7.12/x64/lib/python3.7/site-packages/jupyter_cache/executors/utils.py", line 56, in single_nb_execution
    record_timing=False,
  File "/opt/hostedtoolcache/Python/3.7.12/x64/lib/python3.7/site-packages/nbclient/client.py", line 1117, in execute
    return NotebookClient(nb=nb, resources=resources, km=km, **kwargs).execute()
  File "/opt/hostedtoolcache/Python/3.7.12/x64/lib/python3.7/site-packages/nbclient/util.py", line 78, in wrapped
    return just_run(coro(*args, **kwargs))
  File "/opt/hostedtoolcache/Python/3.7.12/x64/lib/python3.7/site-packages/nbclient/util.py", line 57, in just_run
    return loop.run_until_complete(coro)
  File "/opt/hostedtoolcache/Python/3.7.12/x64/lib/python3.7/asyncio/base_events.py", line 587, in run_until_complete
    return future.result()
  File "/opt/hostedtoolcache/Python/3.7.12/x64/lib/python3.7/site-packages/nbclient/client.py", line 559, in async_execute
    cell, index, execution_count=self.code_cells_executed + 1
  File "/opt/hostedtoolcache/Python/3.7.12/x64/lib/python3.7/site-packages/nbclient/client.py", line 862, in async_execute_cell
    self._check_raise_for_error(cell, exec_reply)
  File "/opt/hostedtoolcache/Python/3.7.12/x64/lib/python3.7/site-packages/nbclient/client.py", line 765, in _check_raise_for_error
    raise CellExecutionError.from_cell_and_msg(cell, exec_reply_content)
nbclient.exceptions.CellExecutionError: An error occurred while executing the following cell:
------------------
UC_reforms = [
    reforms.parametric.set_parameter(
        BASELINE_PARAMETERS.benefit.universal_credit.standard_allowance.amount.SINGLE_OLD,
        amount,
    )
    for amount in range(50, 1000, 100)
]
reform_names = [f"UC = £{amount}" for amount in range(50, 1000, 100)]

graphs.mtr_chart(
    UC_reforms, names=reform_names, variables=["household_net_income"]
)
------------------

[0;31m---------------------------------------------------------------------------[0m
[0;31mAttributeError[0m                            Traceback (most recent call last)
[0;32m/tmp/ipykernel_2205/3569691737.py[0m in [0;36m<module>[0;34m[0m
[1;32m      9[0m [0;34m[0m[0m
[1;32m     10[0m graphs.mtr_chart(
[0;32m---> 11[0;31m     [0mUC_reforms[0m[0;34m,[0m [0mnames[0m[0;34m=[0m[0mreform_names[0m[0;34m,[0m [0mvariables[0m[0;34m=[0m[0;34m[[0m[0;34m"household_net_income"[0m[0;34m][0m[0;34m[0m[0;34m[0m[0m
[0m[1;32m     12[0m )

[0;32m~/work/openfisca-uk/openfisca-uk/openfisca_uk/graphs/hypothetical.py[0m in [0;36mmtr_chart[0;34m(reforms, names, variables, situation_function, invert, derivatives, return_df, **kwargs)[0m
[1;32m    117[0m         [0msituation_function[0m[0;34m,[0m[0;34m[0m[0;34m[0m[0m
[1;32m    118[0m         [0mprimary_adult_name[0m[0;34m=[0m[0mprimary_adult[0m[0;34m,[0m[0;34m[0m[0;34m[0m[0m
[0;32m--> 119[0;31m         [0minclude_derivatives[0m[0;34m=[0m[0;32mTrue[0m[0;34m,[0m[0;34m[0m[0;34m[0m[0m
[0m[1;32m    120[0m     )
[1;32m    121[0m     [0;32mfor[0m [0mvar[0m [0;32min[0m [0mdf[0m[0;34m.[0m[0mcolumns[0m[0;34m:[0m[0;34m[0m[0;34m[0m[0m

[0;32m~/work/openfisca-uk/openfisca-uk/openfisca_uk/graphs/data.py[0m in [0;36mget_wide_reform_individual_data[0;34m(reforms, names, variables, situation_function, varying, vary_min, vary_max, vary_step, include_derivatives, primary_adult_name, **kwargs)[0m
[1;32m    117[0m             [0mdf[0m[0;34m[[0m[0;34mf"reform_{variable}"[0m[0;34m][0m [0;34m=[0m [0mreform_sim[0m[0;34m.[0m[0mcalc[0m[0;34m([0m[0mvariable[0m[0;34m)[0m[0;34m.[0m[0msum[0m[0;34m([0m[0maxis[0m[0;34m=[0m[0;36m0[0m[0;34m)[0m[0;34m[0m[0;34m[0m[0m
[1;32m    118[0m             [0;32mif[0m [0minclude_derivatives[0m[0;34m:[0m[0;34m[0m[0;34m[0m[0m
[0;32m--> 119[0;31m                 df[f"reform_{variable}_deriv"] = reform_sim.calc_deriv(
[0m[1;32m    120[0m                     [0mvariable[0m[0;34m,[0m[0;34m[0m[0;34m[0m[0m
[1;32m    121[0m                     [0mwrt[0m[0;34m=[0m[0mvarying[0m[0;34m,[0m[0;34m[0m[0;34m[0m[0m

[0;31mAttributeError[0m: 'IndividualSim' object has no attribute 'calc_deriv'
AttributeError: 'IndividualSim' object has no attribute 'calc_deriv'

