Traceback (most recent call last):
  File "/opt/hostedtoolcache/Python/3.9.16/x64/lib/python3.9/site-packages/jupyter_cache/executors/utils.py", line 58, in single_nb_execution
    executenb(
  File "/opt/hostedtoolcache/Python/3.9.16/x64/lib/python3.9/site-packages/nbclient/client.py", line 1204, in execute
    return NotebookClient(nb=nb, resources=resources, km=km, **kwargs).execute()
  File "/opt/hostedtoolcache/Python/3.9.16/x64/lib/python3.9/site-packages/nbclient/util.py", line 84, in wrapped
    return just_run(coro(*args, **kwargs))
  File "/opt/hostedtoolcache/Python/3.9.16/x64/lib/python3.9/site-packages/nbclient/util.py", line 62, in just_run
    return loop.run_until_complete(coro)
  File "/opt/hostedtoolcache/Python/3.9.16/x64/lib/python3.9/asyncio/base_events.py", line 647, in run_until_complete
    return future.result()
  File "/opt/hostedtoolcache/Python/3.9.16/x64/lib/python3.9/site-packages/nbclient/client.py", line 663, in async_execute
    await self.async_execute_cell(
  File "/opt/hostedtoolcache/Python/3.9.16/x64/lib/python3.9/site-packages/nbclient/client.py", line 965, in async_execute_cell
    await self._check_raise_for_error(cell, cell_index, exec_reply)
  File "/opt/hostedtoolcache/Python/3.9.16/x64/lib/python3.9/site-packages/nbclient/client.py", line 862, in _check_raise_for_error
    raise CellExecutionError.from_cell_and_msg(cell, exec_reply_content)
nbclient.exceptions.CellExecutionError: An error occurred while executing the following cell:
------------------
from policyengine_uk.api import *


def change_tax_parameters(parameters):
    parameters.gov.hmrc.income_tax.rates.uk.brackets[0].rate.update(
        period=periods.period("year:2019:10"), value=0.23
    )
    return parameters


class reform(Reform):
    def apply(self):
        self.modify_parameters(change_tax_parameters)


baseline = Microsimulation()
reformed = Microsimulation(reform)
revenue = reformed.calc("tax").sum() - baseline.calc("tax").sum()
f"Revenue: £{round(revenue / 1e+9, 1)}bn"
------------------

[0;31m---------------------------------------------------------------------------[0m
[0;31mModuleNotFoundError[0m                       Traceback (most recent call last)
Cell [0;32mIn[2], line 1[0m
[0;32m----> 1[0m [38;5;28;01mfrom[39;00m [38;5;21;01mpolicyengine_uk[39;00m[38;5;21;01m.[39;00m[38;5;21;01mapi[39;00m [38;5;28;01mimport[39;00m [38;5;241m*[39m
[1;32m      4[0m [38;5;28;01mdef[39;00m [38;5;21mchange_tax_parameters[39m(parameters):
[1;32m      5[0m     parameters[38;5;241m.[39mgov[38;5;241m.[39mhmrc[38;5;241m.[39mincome_tax[38;5;241m.[39mrates[38;5;241m.[39muk[38;5;241m.[39mbrackets[[38;5;241m0[39m][38;5;241m.[39mrate[38;5;241m.[39mupdate(
[1;32m      6[0m         period[38;5;241m=[39mperiods[38;5;241m.[39mperiod([38;5;124m"[39m[38;5;124myear:2019:10[39m[38;5;124m"[39m), value[38;5;241m=[39m[38;5;241m0.23[39m
[1;32m      7[0m     )

[0;31mModuleNotFoundError[0m: No module named 'policyengine_uk.api'
ModuleNotFoundError: No module named 'policyengine_uk.api'

